<?xml version="1.0" encoding="UTF-8"?>
<testsuite xmlns:xsi="http://www.w3.org/2001/XMLSchema-instance" xsi:noNamespaceSchemaLocation="https://maven.apache.org/surefire/maven-surefire-plugin/xsd/surefire-test-report.xsd" name="world.cup.WorldcupApplicationTests" time="30.008" tests="1" errors="0" skipped="0" failures="0">
  <properties>
    <property name="sun.desktop" value="windows"/>
    <property name="awt.toolkit" value="sun.awt.windows.WToolkit"/>
    <property name="file.encoding.pkg" value="sun.io"/>
    <property name="java.specification.version" value="1.8"/>
    <property name="sun.cpu.isalist" value="amd64"/>
    <property name="sun.jnu.encoding" value="Cp1252"/>
    <property name="java.class.path" value="C:\Users\Foued\tp_web_ing\worldcup\target\test-classes;C:\Users\Foued\tp_web_ing\worldcup\target\classes;C:\repository\org\springframework\boot\spring-boot-starter-data-jpa\2.4.4\spring-boot-starter-data-jpa-2.4.4.jar;C:\repository\org\springframework\boot\spring-boot-starter-aop\2.4.4\spring-boot-starter-aop-2.4.4.jar;C:\repository\org\aspectj\aspectjweaver\1.9.6\aspectjweaver-1.9.6.jar;C:\repository\org\springframework\boot\spring-boot-starter-jdbc\2.4.4\spring-boot-starter-jdbc-2.4.4.jar;C:\repository\com\zaxxer\HikariCP\3.4.5\HikariCP-3.4.5.jar;C:\repository\org\springframework\spring-jdbc\5.3.5\spring-jdbc-5.3.5.jar;C:\repository\jakarta\transaction\jakarta.transaction-api\1.3.3\jakarta.transaction-api-1.3.3.jar;C:\repository\jakarta\persistence\jakarta.persistence-api\2.2.3\jakarta.persistence-api-2.2.3.jar;C:\repository\org\hibernate\hibernate-core\5.4.29.Final\hibernate-core-5.4.29.Final.jar;C:\repository\org\jboss\logging\jboss-logging\3.4.1.Final\jboss-logging-3.4.1.Final.jar;C:\repository\org\javassist\javassist\3.27.0-GA\javassist-3.27.0-GA.jar;C:\repository\net\bytebuddy\byte-buddy\1.10.22\byte-buddy-1.10.22.jar;C:\repository\antlr\antlr\2.7.7\antlr-2.7.7.jar;C:\repository\org\jboss\jandex\2.2.3.Final\jandex-2.2.3.Final.jar;C:\repository\com\fasterxml\classmate\1.5.1\classmate-1.5.1.jar;C:\repository\org\dom4j\dom4j\2.1.3\dom4j-2.1.3.jar;C:\repository\org\hibernate\common\hibernate-commons-annotations\5.1.2.Final\hibernate-commons-annotations-5.1.2.Final.jar;C:\repository\org\glassfish\jaxb\jaxb-runtime\2.3.3\jaxb-runtime-2.3.3.jar;C:\repository\org\glassfish\jaxb\txw2\2.3.3\txw2-2.3.3.jar;C:\repository\com\sun\istack\istack-commons-runtime\3.0.11\istack-commons-runtime-3.0.11.jar;C:\repository\com\sun\activation\jakarta.activation\1.2.2\jakarta.activation-1.2.2.jar;C:\repository\org\springframework\data\spring-data-jpa\2.4.6\spring-data-jpa-2.4.6.jar;C:\repository\org\springframework\data\spring-data-commons\2.4.6\spring-data-commons-2.4.6.jar;C:\repository\org\springframework\spring-orm\5.3.5\spring-orm-5.3.5.jar;C:\repository\org\springframework\spring-context\5.3.5\spring-context-5.3.5.jar;C:\repository\org\springframework\spring-tx\5.3.5\spring-tx-5.3.5.jar;C:\repository\org\springframework\spring-beans\5.3.5\spring-beans-5.3.5.jar;C:\repository\org\slf4j\slf4j-api\1.7.30\slf4j-api-1.7.30.jar;C:\repository\org\springframework\spring-aspects\5.3.5\spring-aspects-5.3.5.jar;C:\repository\org\springframework\boot\spring-boot-starter-security\2.4.4\spring-boot-starter-security-2.4.4.jar;C:\repository\org\springframework\boot\spring-boot-starter\2.4.4\spring-boot-starter-2.4.4.jar;C:\repository\org\springframework\boot\spring-boot\2.4.4\spring-boot-2.4.4.jar;C:\repository\org\springframework\boot\spring-boot-autoconfigure\2.4.4\spring-boot-autoconfigure-2.4.4.jar;C:\repository\org\springframework\boot\spring-boot-starter-logging\2.4.4\spring-boot-starter-logging-2.4.4.jar;C:\repository\ch\qos\logback\logback-classic\1.2.3\logback-classic-1.2.3.jar;C:\repository\ch\qos\logback\logback-core\1.2.3\logback-core-1.2.3.jar;C:\repository\org\apache\logging\log4j\log4j-to-slf4j\2.13.3\log4j-to-slf4j-2.13.3.jar;C:\repository\org\apache\logging\log4j\log4j-api\2.13.3\log4j-api-2.13.3.jar;C:\repository\org\slf4j\jul-to-slf4j\1.7.30\jul-to-slf4j-1.7.30.jar;C:\repository\jakarta\annotation\jakarta.annotation-api\1.3.5\jakarta.annotation-api-1.3.5.jar;C:\repository\org\yaml\snakeyaml\1.27\snakeyaml-1.27.jar;C:\repository\org\springframework\spring-aop\5.3.5\spring-aop-5.3.5.jar;C:\repository\org\springframework\security\spring-security-config\5.4.5\spring-security-config-5.4.5.jar;C:\repository\org\springframework\security\spring-security-web\5.4.5\spring-security-web-5.4.5.jar;C:\repository\org\springframework\spring-expression\5.3.5\spring-expression-5.3.5.jar;C:\repository\org\springframework\boot\spring-boot-starter-web\2.4.4\spring-boot-starter-web-2.4.4.jar;C:\repository\org\springframework\boot\spring-boot-starter-json\2.4.4\spring-boot-starter-json-2.4.4.jar;C:\repository\com\fasterxml\jackson\datatype\jackson-datatype-jdk8\2.11.4\jackson-datatype-jdk8-2.11.4.jar;C:\repository\com\fasterxml\jackson\datatype\jackson-datatype-jsr310\2.11.4\jackson-datatype-jsr310-2.11.4.jar;C:\repository\com\fasterxml\jackson\module\jackson-module-parameter-names\2.11.4\jackson-module-parameter-names-2.11.4.jar;C:\repository\org\springframework\boot\spring-boot-starter-tomcat\2.4.4\spring-boot-starter-tomcat-2.4.4.jar;C:\repository\org\apache\tomcat\embed\tomcat-embed-core\9.0.44\tomcat-embed-core-9.0.44.jar;C:\repository\org\glassfish\jakarta.el\3.0.3\jakarta.el-3.0.3.jar;C:\repository\org\apache\tomcat\embed\tomcat-embed-websocket\9.0.44\tomcat-embed-websocket-9.0.44.jar;C:\repository\org\springframework\spring-web\5.3.5\spring-web-5.3.5.jar;C:\repository\org\springframework\spring-webmvc\5.3.5\spring-webmvc-5.3.5.jar;C:\repository\mysql\mysql-connector-java\8.0.23\mysql-connector-java-8.0.23.jar;C:\repository\org\springframework\boot\spring-boot-starter-test\2.4.4\spring-boot-starter-test-2.4.4.jar;C:\repository\org\springframework\boot\spring-boot-test\2.4.4\spring-boot-test-2.4.4.jar;C:\repository\org\springframework\boot\spring-boot-test-autoconfigure\2.4.4\spring-boot-test-autoconfigure-2.4.4.jar;C:\repository\com\jayway\jsonpath\json-path\2.4.0\json-path-2.4.0.jar;C:\repository\net\minidev\json-smart\2.3\json-smart-2.3.jar;C:\repository\net\minidev\accessors-smart\1.2\accessors-smart-1.2.jar;C:\repository\org\ow2\asm\asm\5.0.4\asm-5.0.4.jar;C:\repository\jakarta\xml\bind\jakarta.xml.bind-api\2.3.3\jakarta.xml.bind-api-2.3.3.jar;C:\repository\jakarta\activation\jakarta.activation-api\1.2.2\jakarta.activation-api-1.2.2.jar;C:\repository\org\assertj\assertj-core\3.18.1\assertj-core-3.18.1.jar;C:\repository\org\hamcrest\hamcrest\2.2\hamcrest-2.2.jar;C:\repository\org\junit\jupiter\junit-jupiter\5.7.1\junit-jupiter-5.7.1.jar;C:\repository\org\junit\jupiter\junit-jupiter-api\5.7.1\junit-jupiter-api-5.7.1.jar;C:\repository\org\apiguardian\apiguardian-api\1.1.0\apiguardian-api-1.1.0.jar;C:\repository\org\opentest4j\opentest4j\1.2.0\opentest4j-1.2.0.jar;C:\repository\org\junit\platform\junit-platform-commons\1.7.1\junit-platform-commons-1.7.1.jar;C:\repository\org\junit\jupiter\junit-jupiter-params\5.7.1\junit-jupiter-params-5.7.1.jar;C:\repository\org\junit\jupiter\junit-jupiter-engine\5.7.1\junit-jupiter-engine-5.7.1.jar;C:\repository\org\junit\platform\junit-platform-engine\1.7.1\junit-platform-engine-1.7.1.jar;C:\repository\org\mockito\mockito-core\3.6.28\mockito-core-3.6.28.jar;C:\repository\net\bytebuddy\byte-buddy-agent\1.10.22\byte-buddy-agent-1.10.22.jar;C:\repository\org\objenesis\objenesis\3.1\objenesis-3.1.jar;C:\repository\org\mockito\mockito-junit-jupiter\3.6.28\mockito-junit-jupiter-3.6.28.jar;C:\repository\org\skyscreamer\jsonassert\1.5.0\jsonassert-1.5.0.jar;C:\repository\com\vaadin\external\google\android-json\0.0.20131108.vaadin1\android-json-0.0.20131108.vaadin1.jar;C:\repository\org\springframework\spring-core\5.3.5\spring-core-5.3.5.jar;C:\repository\org\springframework\spring-jcl\5.3.5\spring-jcl-5.3.5.jar;C:\repository\org\springframework\spring-test\5.3.5\spring-test-5.3.5.jar;C:\repository\org\xmlunit\xmlunit-core\2.7.0\xmlunit-core-2.7.0.jar;C:\repository\org\springframework\security\spring-security-test\5.4.5\spring-security-test-5.4.5.jar;C:\repository\org\springframework\security\spring-security-core\5.4.5\spring-security-core-5.4.5.jar;C:\repository\javax\validation\validation-api\2.0.1.Final\validation-api-2.0.1.Final.jar;C:\repository\io\jsonwebtoken\jjwt\0.9.1\jjwt-0.9.1.jar;C:\repository\com\fasterxml\jackson\core\jackson-databind\2.11.4\jackson-databind-2.11.4.jar;C:\repository\com\fasterxml\jackson\core\jackson-annotations\2.11.4\jackson-annotations-2.11.4.jar;C:\repository\com\fasterxml\jackson\core\jackson-core\2.11.4\jackson-core-2.11.4.jar;"/>
    <property name="java.vm.vendor" value="Oracle Corporation"/>
    <property name="sun.arch.data.model" value="64"/>
    <property name="user.variant" value=""/>
    <property name="java.vendor.url" value="http://java.oracle.com/"/>
    <property name="user.timezone" value="Africa/Luanda"/>
    <property name="java.vm.specification.version" value="1.8"/>
    <property name="os.name" value="Windows 10"/>
    <property name="user.country" value="FR"/>
    <property name="sun.java.launcher" value="SUN_STANDARD"/>
    <property name="sun.boot.library.path" value="C:\Program Files\Java\jdk1.8.0_212\jre\bin"/>
    <property name="sun.java.command" value="C:\Users\Foued\AppData\Local\Temp\surefire2794632222972206252\surefirebooter8716459244606034531.jar C:\Users\Foued\AppData\Local\Temp\surefire2794632222972206252 2022-02-24T12-17-40_990-jvmRun1 surefire3943401240357912855tmp surefire_02484972757986837523tmp"/>
    <property name="surefire.test.class.path" value="C:\Users\Foued\tp_web_ing\worldcup\target\test-classes;C:\Users\Foued\tp_web_ing\worldcup\target\classes;C:\repository\org\springframework\boot\spring-boot-starter-data-jpa\2.4.4\spring-boot-starter-data-jpa-2.4.4.jar;C:\repository\org\springframework\boot\spring-boot-starter-aop\2.4.4\spring-boot-starter-aop-2.4.4.jar;C:\repository\org\aspectj\aspectjweaver\1.9.6\aspectjweaver-1.9.6.jar;C:\repository\org\springframework\boot\spring-boot-starter-jdbc\2.4.4\spring-boot-starter-jdbc-2.4.4.jar;C:\repository\com\zaxxer\HikariCP\3.4.5\HikariCP-3.4.5.jar;C:\repository\org\springframework\spring-jdbc\5.3.5\spring-jdbc-5.3.5.jar;C:\repository\jakarta\transaction\jakarta.transaction-api\1.3.3\jakarta.transaction-api-1.3.3.jar;C:\repository\jakarta\persistence\jakarta.persistence-api\2.2.3\jakarta.persistence-api-2.2.3.jar;C:\repository\org\hibernate\hibernate-core\5.4.29.Final\hibernate-core-5.4.29.Final.jar;C:\repository\org\jboss\logging\jboss-logging\3.4.1.Final\jboss-logging-3.4.1.Final.jar;C:\repository\org\javassist\javassist\3.27.0-GA\javassist-3.27.0-GA.jar;C:\repository\net\bytebuddy\byte-buddy\1.10.22\byte-buddy-1.10.22.jar;C:\repository\antlr\antlr\2.7.7\antlr-2.7.7.jar;C:\repository\org\jboss\jandex\2.2.3.Final\jandex-2.2.3.Final.jar;C:\repository\com\fasterxml\classmate\1.5.1\classmate-1.5.1.jar;C:\repository\org\dom4j\dom4j\2.1.3\dom4j-2.1.3.jar;C:\repository\org\hibernate\common\hibernate-commons-annotations\5.1.2.Final\hibernate-commons-annotations-5.1.2.Final.jar;C:\repository\org\glassfish\jaxb\jaxb-runtime\2.3.3\jaxb-runtime-2.3.3.jar;C:\repository\org\glassfish\jaxb\txw2\2.3.3\txw2-2.3.3.jar;C:\repository\com\sun\istack\istack-commons-runtime\3.0.11\istack-commons-runtime-3.0.11.jar;C:\repository\com\sun\activation\jakarta.activation\1.2.2\jakarta.activation-1.2.2.jar;C:\repository\org\springframework\data\spring-data-jpa\2.4.6\spring-data-jpa-2.4.6.jar;C:\repository\org\springframework\data\spring-data-commons\2.4.6\spring-data-commons-2.4.6.jar;C:\repository\org\springframework\spring-orm\5.3.5\spring-orm-5.3.5.jar;C:\repository\org\springframework\spring-context\5.3.5\spring-context-5.3.5.jar;C:\repository\org\springframework\spring-tx\5.3.5\spring-tx-5.3.5.jar;C:\repository\org\springframework\spring-beans\5.3.5\spring-beans-5.3.5.jar;C:\repository\org\slf4j\slf4j-api\1.7.30\slf4j-api-1.7.30.jar;C:\repository\org\springframework\spring-aspects\5.3.5\spring-aspects-5.3.5.jar;C:\repository\org\springframework\boot\spring-boot-starter-security\2.4.4\spring-boot-starter-security-2.4.4.jar;C:\repository\org\springframework\boot\spring-boot-starter\2.4.4\spring-boot-starter-2.4.4.jar;C:\repository\org\springframework\boot\spring-boot\2.4.4\spring-boot-2.4.4.jar;C:\repository\org\springframework\boot\spring-boot-autoconfigure\2.4.4\spring-boot-autoconfigure-2.4.4.jar;C:\repository\org\springframework\boot\spring-boot-starter-logging\2.4.4\spring-boot-starter-logging-2.4.4.jar;C:\repository\ch\qos\logback\logback-classic\1.2.3\logback-classic-1.2.3.jar;C:\repository\ch\qos\logback\logback-core\1.2.3\logback-core-1.2.3.jar;C:\repository\org\apache\logging\log4j\log4j-to-slf4j\2.13.3\log4j-to-slf4j-2.13.3.jar;C:\repository\org\apache\logging\log4j\log4j-api\2.13.3\log4j-api-2.13.3.jar;C:\repository\org\slf4j\jul-to-slf4j\1.7.30\jul-to-slf4j-1.7.30.jar;C:\repository\jakarta\annotation\jakarta.annotation-api\1.3.5\jakarta.annotation-api-1.3.5.jar;C:\repository\org\yaml\snakeyaml\1.27\snakeyaml-1.27.jar;C:\repository\org\springframework\spring-aop\5.3.5\spring-aop-5.3.5.jar;C:\repository\org\springframework\security\spring-security-config\5.4.5\spring-security-config-5.4.5.jar;C:\repository\org\springframework\security\spring-security-web\5.4.5\spring-security-web-5.4.5.jar;C:\repository\org\springframework\spring-expression\5.3.5\spring-expression-5.3.5.jar;C:\repository\org\springframework\boot\spring-boot-starter-web\2.4.4\spring-boot-starter-web-2.4.4.jar;C:\repository\org\springframework\boot\spring-boot-starter-json\2.4.4\spring-boot-starter-json-2.4.4.jar;C:\repository\com\fasterxml\jackson\datatype\jackson-datatype-jdk8\2.11.4\jackson-datatype-jdk8-2.11.4.jar;C:\repository\com\fasterxml\jackson\datatype\jackson-datatype-jsr310\2.11.4\jackson-datatype-jsr310-2.11.4.jar;C:\repository\com\fasterxml\jackson\module\jackson-module-parameter-names\2.11.4\jackson-module-parameter-names-2.11.4.jar;C:\repository\org\springframework\boot\spring-boot-starter-tomcat\2.4.4\spring-boot-starter-tomcat-2.4.4.jar;C:\repository\org\apache\tomcat\embed\tomcat-embed-core\9.0.44\tomcat-embed-core-9.0.44.jar;C:\repository\org\glassfish\jakarta.el\3.0.3\jakarta.el-3.0.3.jar;C:\repository\org\apache\tomcat\embed\tomcat-embed-websocket\9.0.44\tomcat-embed-websocket-9.0.44.jar;C:\repository\org\springframework\spring-web\5.3.5\spring-web-5.3.5.jar;C:\repository\org\springframework\spring-webmvc\5.3.5\spring-webmvc-5.3.5.jar;C:\repository\mysql\mysql-connector-java\8.0.23\mysql-connector-java-8.0.23.jar;C:\repository\org\springframework\boot\spring-boot-starter-test\2.4.4\spring-boot-starter-test-2.4.4.jar;C:\repository\org\springframework\boot\spring-boot-test\2.4.4\spring-boot-test-2.4.4.jar;C:\repository\org\springframework\boot\spring-boot-test-autoconfigure\2.4.4\spring-boot-test-autoconfigure-2.4.4.jar;C:\repository\com\jayway\jsonpath\json-path\2.4.0\json-path-2.4.0.jar;C:\repository\net\minidev\json-smart\2.3\json-smart-2.3.jar;C:\repository\net\minidev\accessors-smart\1.2\accessors-smart-1.2.jar;C:\repository\org\ow2\asm\asm\5.0.4\asm-5.0.4.jar;C:\repository\jakarta\xml\bind\jakarta.xml.bind-api\2.3.3\jakarta.xml.bind-api-2.3.3.jar;C:\repository\jakarta\activation\jakarta.activation-api\1.2.2\jakarta.activation-api-1.2.2.jar;C:\repository\org\assertj\assertj-core\3.18.1\assertj-core-3.18.1.jar;C:\repository\org\hamcrest\hamcrest\2.2\hamcrest-2.2.jar;C:\repository\org\junit\jupiter\junit-jupiter\5.7.1\junit-jupiter-5.7.1.jar;C:\repository\org\junit\jupiter\junit-jupiter-api\5.7.1\junit-jupiter-api-5.7.1.jar;C:\repository\org\apiguardian\apiguardian-api\1.1.0\apiguardian-api-1.1.0.jar;C:\repository\org\opentest4j\opentest4j\1.2.0\opentest4j-1.2.0.jar;C:\repository\org\junit\platform\junit-platform-commons\1.7.1\junit-platform-commons-1.7.1.jar;C:\repository\org\junit\jupiter\junit-jupiter-params\5.7.1\junit-jupiter-params-5.7.1.jar;C:\repository\org\junit\jupiter\junit-jupiter-engine\5.7.1\junit-jupiter-engine-5.7.1.jar;C:\repository\org\junit\platform\junit-platform-engine\1.7.1\junit-platform-engine-1.7.1.jar;C:\repository\org\mockito\mockito-core\3.6.28\mockito-core-3.6.28.jar;C:\repository\net\bytebuddy\byte-buddy-agent\1.10.22\byte-buddy-agent-1.10.22.jar;C:\repository\org\objenesis\objenesis\3.1\objenesis-3.1.jar;C:\repository\org\mockito\mockito-junit-jupiter\3.6.28\mockito-junit-jupiter-3.6.28.jar;C:\repository\org\skyscreamer\jsonassert\1.5.0\jsonassert-1.5.0.jar;C:\repository\com\vaadin\external\google\android-json\0.0.20131108.vaadin1\android-json-0.0.20131108.vaadin1.jar;C:\repository\org\springframework\spring-core\5.3.5\spring-core-5.3.5.jar;C:\repository\org\springframework\spring-jcl\5.3.5\spring-jcl-5.3.5.jar;C:\repository\org\springframework\spring-test\5.3.5\spring-test-5.3.5.jar;C:\repository\org\xmlunit\xmlunit-core\2.7.0\xmlunit-core-2.7.0.jar;C:\repository\org\springframework\security\spring-security-test\5.4.5\spring-security-test-5.4.5.jar;C:\repository\org\springframework\security\spring-security-core\5.4.5\spring-security-core-5.4.5.jar;C:\repository\javax\validation\validation-api\2.0.1.Final\validation-api-2.0.1.Final.jar;C:\repository\io\jsonwebtoken\jjwt\0.9.1\jjwt-0.9.1.jar;C:\repository\com\fasterxml\jackson\core\jackson-databind\2.11.4\jackson-databind-2.11.4.jar;C:\repository\com\fasterxml\jackson\core\jackson-annotations\2.11.4\jackson-annotations-2.11.4.jar;C:\repository\com\fasterxml\jackson\core\jackson-core\2.11.4\jackson-core-2.11.4.jar;"/>
    <property name="sun.cpu.endian" value="little"/>
    <property name="user.home" value="C:\Users\Foued"/>
    <property name="user.language" value="fr"/>
    <property name="java.specification.vendor" value="Oracle Corporation"/>
    <property name="java.home" value="C:\Program Files\Java\jdk1.8.0_212\jre"/>
    <property name="basedir" value="C:\Users\Foued\tp_web_ing\worldcup"/>
    <property name="file.separator" value="\"/>
    <property name="line.separator" value="&#10;"/>
    <property name="java.vm.specification.vendor" value="Oracle Corporation"/>
    <property name="java.specification.name" value="Java Platform API Specification"/>
    <property name="java.awt.graphicsenv" value="sun.awt.Win32GraphicsEnvironment"/>
    <property name="surefire.real.class.path" value="C:\Users\Foued\AppData\Local\Temp\surefire2794632222972206252\surefirebooter8716459244606034531.jar"/>
    <property name="sun.boot.class.path" value="C:\Program Files\Java\jdk1.8.0_212\jre\lib\resources.jar;C:\Program Files\Java\jdk1.8.0_212\jre\lib\rt.jar;C:\Program Files\Java\jdk1.8.0_212\jre\lib\sunrsasign.jar;C:\Program Files\Java\jdk1.8.0_212\jre\lib\jsse.jar;C:\Program Files\Java\jdk1.8.0_212\jre\lib\jce.jar;C:\Program Files\Java\jdk1.8.0_212\jre\lib\charsets.jar;C:\Program Files\Java\jdk1.8.0_212\jre\lib\jfr.jar;C:\Program Files\Java\jdk1.8.0_212\jre\classes"/>
    <property name="user.script" value=""/>
    <property name="sun.management.compiler" value="HotSpot 64-Bit Tiered Compilers"/>
    <property name="java.runtime.version" value="1.8.0_212-b10"/>
    <property name="user.name" value="Foued"/>
    <property name="path.separator" value=";"/>
    <property name="os.version" value="10.0"/>
    <property name="java.endorsed.dirs" value="C:\Program Files\Java\jdk1.8.0_212\jre\lib\endorsed"/>
    <property name="java.runtime.name" value="Java(TM) SE Runtime Environment"/>
    <property name="file.encoding" value="Cp1252"/>
    <property name="java.vm.name" value="Java HotSpot(TM) 64-Bit Server VM"/>
    <property name="localRepository" value="C:\repository"/>
    <property name="java.vendor.url.bug" value="http://bugreport.sun.com/bugreport/"/>
    <property name="java.io.tmpdir" value="C:\Users\Foued\AppData\Local\Temp\"/>
    <property name="java.version" value="1.8.0_212"/>
    <property name="user.dir" value="C:\Users\Foued\tp_web_ing\worldcup"/>
    <property name="os.arch" value="amd64"/>
    <property name="java.vm.specification.name" value="Java Virtual Machine Specification"/>
    <property name="java.awt.printerjob" value="sun.awt.windows.WPrinterJob"/>
    <property name="sun.os.patch.level" value=""/>
    <property name="java.library.path" value="C:\Program Files\Java\jdk1.8.0_212\jre\bin;C:\WINDOWS\Sun\Java\bin;C:\WINDOWS\system32;C:\WINDOWS;C:/Program Files/Java/jre1.8.0_212/bin/server;C:/Program Files/Java/jre1.8.0_212/bin;C:/Program Files/Java/jre1.8.0_212/lib/amd64;C:\Python310\Scripts\;C:\Python310\;C:\Program Files\Microsoft MPI\Bin\;C:\oraclexe\app\oracle\product\11.2.0\server\bin;%JAVA_HOME%\bin;C:\Program Files (x86)\EasyPHP-DevServer-14.1VC11\binaries\php\php_runningversion;&quot;C:\oraclexe\app\oracle\product\10.2.0\server\bin;C:\wamp64\bin\php\php5.6.31&quot;;C:\wamp64\bin\php\php5.6.31;C:\ProgramData\Oracle\Java\javapath;C:\WINDOWS\system32;C:\WINDOWS;C:\WINDOWS\System32\Wbem;C:\WINDOWS\System32\WindowsPowerShell\v1.0\;C:\Program Files\Microsoft SQL Server\Client SDK\ODBC\130\Tools\Binn\;C:\Program Files (x86)\Microsoft SQL Server\140\Tools\Binn\;C:\Program Files\Microsoft SQL Server\140\Tools\Binn\;C:\Program Files\Microsoft SQL Server\140\DTS\Binn\;C:\Program Files\Microsoft SQL Server\110\Tools\Binn\;C:\composer;C:\Flex Windows\gcc\bin;C:\Flex Windows\Lex\bin;C:\apache-maven-3.3.3\bin\bin;C:\Flex Windows\Bison\bin;C:\Program Files\Git\cmd;C:\WINDOWS\System32\OpenSSH\;C:\Program Files (x86)\Microsoft SQL Server\140\DTS\Binn\;C:\Program Files (x86)\Microsoft SQL Server\Client SDK\ODBC\130\Tools\Binn\;C:\Program Files\dotnet\;C:\Program Files\Microsoft DNX\Dnvm\;C:\Program Files\Microsoft\Web Platform Installer\;C:\Program Files\Microsoft SQL Server\150\Tools\Binn\;C:\Program Files\Microsoft SQL Server\150\DTS\Binn\;C:\Users\Foued\AppData\Local\Programs\Python\Python38;C:\Program Files (x86)\Microsoft SQL Server\130\Tools\Binn\;C:\Program Files\Microsoft SQL Server\130\DTS\Binn\;C:\Program Files\Microsoft VS Code\bin;C:\Program Files\MongoDB\Server\4.0\bin;C:\Users\Foued\AppData\Local\Programs\Python\Python38\python.exe;C:\Users\Foued\AppData\Local\Programs\Python\Python38\Scripts;C:\Python27;C:\Python27\Scripts\;C:\Program Files\Docker\Docker\resources\bin;C:\ProgramData\DockerDesktop\version-bin;C:\Program Files\MiKTeX\miktex\bin\x64\;C:\Program Files (x86)\Brackets\command;C:\Program Files (x86)\Microsoft SQL Server\150\Tools\Binn\;C:\Program Files (x86)\Microsoft SQL Server\150\DTS\Binn\;C:\Program Files\Microsoft SQL Server\Client SDK\ODBC\170\Tools\Binn\;C:\Program Files\swipl\bin;C:\Program Files\nodejs\;C:\ProgramData\chocolatey\bin;C:\Users\Foued\AppData\Local\Programs\Python\Python38-32\Scripts\;C:\Users\Foued\AppData\Local\Programs\Python\Python38-32\;C:\Users\Foued\AppData\Local\Microsoft\WindowsApps;C:\wamp64\bin\php\php5.6.31;C:\Users\Foued\AppData\Roaming\Composer\vendor\bin;C:\Flex Windows\gcc\bin;C:\Flex Windows\Lex\bin;C:\Flex Windows\bison\bin;C:\apache-maven-3.3.3\bin;C:\Program Files\Java\jdk1.8.0_212\bin;C:\oraclexe\app\oracle\product\11.2.0\server\BIN;C:\Program Files\JetBrains\PyCharm Community Edition 2019.3.4\bin;;C:\apache-cassandra-3.11.4\bin;C:\Users\Foued\AppData\Local\Programs\MiKTeX 2.9\miktex\bin\x64\;C:\Users\Foued\AppData\Roaming\npm;F:\dev_web_avance_2ing\TP1_WEB_2ING\spring-tool-suite-3.8.4.RELEASE-e4.6.3-win32-x86_64\sts-bundle\sts-3.8.4.RELEASE;;."/>
    <property name="java.vm.info" value="mixed mode"/>
    <property name="java.vendor" value="Oracle Corporation"/>
    <property name="java.vm.version" value="25.212-b10"/>
    <property name="java.ext.dirs" value="C:\Program Files\Java\jdk1.8.0_212\jre\lib\ext;C:\WINDOWS\Sun\Java\lib\ext"/>
    <property name="sun.io.unicode.encoding" value="UnicodeLittle"/>
    <property name="java.class.version" value="52.0"/>
  </properties>
  <testcase name="contextLoads" classname="world.cup.WorldcupApplicationTests" time="0.657"/>
</testsuite>